# JRE version: OpenJDK Runtime Environment Zulu11.41+23-CA (11.0.8+10) (build 11.0.8+10-LTS)
# Java VM: OpenJDK 64-Bit Server VM Zulu11.41+23-CA (11.0.8+10-LTS, mixed mode, tiered, compressed oops, g1 gc, linux-amd64)
Heap:
 garbage-first heap   total 32768K, used 6630K [0x00000000f0000000, 0x0000000100000000)
  region size 1024K, 2 young (2048K), 1 survivors (1024K)
 Metaspace       used 9536K, capacity 9732K, committed 9984K, reserved 1058816K
  class space    used 913K, capacity 992K, committed 1024K, reserved 1048576K
GC Heap History (12 events):
Event: 0.835 GC heap before
{Heap before GC invocations=0 (full 0):
 garbage-first heap   total 32768K, used 1024K [0x00000000f0000000, 0x0000000100000000)
  region size 1024K, 1 young (1024K), 0 survivors (0K)
 Metaspace       used 4513K, capacity 4595K, committed 4864K, reserved 1056768K
  class space    used 381K, capacity 398K, committed 512K, reserved 1048576K
}
Event: 0.864 GC heap after
{Heap after GC invocations=1 (full 0):
 garbage-first heap   total 32768K, used 563K [0x00000000f0000000, 0x0000000100000000)
  region size 1024K, 1 young (1024K), 1 survivors (1024K)
 Metaspace       used 4513K, capacity 4595K, committed 4864K, reserved 1056768K
  class space    used 381K, capacity 398K, committed 512K, reserved 1048576K
}
Event: 1.392 GC heap before
{Heap before GC invocations=1 (full 0):
 garbage-first heap   total 32768K, used 1587K [0x00000000f0000000, 0x0000000100000000)
  region size 1024K, 2 young (2048K), 1 survivors (1024K)
 Metaspace       used 6162K, capacity 6238K, committed 6528K, reserved 1056768K
  class space    used 531K, capacity 567K, committed 640K, reserved 1048576K
}
Event: 1.400 GC heap after
{Heap after GC invocations=2 (full 0):
 garbage-first heap   total 32768K, used 1112K [0x00000000f0000000, 0x0000000100000000)
  region size 1024K, 1 young (1024K), 1 survivors (1024K)
 Metaspace       used 6162K, capacity 6238K, committed 6528K, reserved 1056768K
  class space    used 531K, capacity 567K, committed 640K, reserved 1048576K
}
Event: 1.473 GC heap before
{Heap before GC invocations=2 (full 0):
 garbage-first heap   total 32768K, used 1112K [0x00000000f0000000, 0x0000000100000000)
  region size 1024K, 2 young (2048K), 1 survivors (1024K)
 Metaspace       used 6184K, capacity 6238K, committed 6528K, reserved 1056768K
  class space    used 531K, capacity 567K, committed 640K, reserved 1048576K
}
Event: 1.481 GC heap after
{Heap after GC invocations=3 (full 0):
 garbage-first heap   total 32768K, used 1835K [0x00000000f0000000, 0x0000000100000000)
  region size 1024K, 1 young (1024K), 1 survivors (1024K)
 Metaspace       used 6184K, capacity 6238K, committed 6528K, reserved 1056768K
  class space    used 531K, capacity 567K, committed 640K, reserved 1048576K
}
Event: 1.576 GC heap before
{Heap before GC invocations=3 (full 0):
 garbage-first heap   total 32768K, used 2859K [0x00000000f0000000, 0x0000000100000000)
  region size 1024K, 3 young (3072K), 1 survivors (1024K)
 Metaspace       used 6204K, capacity 6302K, committed 6528K, reserved 1056768K
  class space    used 531K, capacity 567K, committed 640K, reserved 1048576K
}
Event: 1.580 GC heap after
{Heap after GC invocations=4 (full 0):
 garbage-first heap   total 32768K, used 3441K [0x00000000f0000000, 0x0000000100000000)
  region size 1024K, 1 young (1024K), 1 survivors (1024K)
 Metaspace       used 6204K, capacity 6302K, committed 6528K, reserved 1056768K
  class space    used 531K, capacity 567K, committed 640K, reserved 1048576K
}
Event: 2.037 GC heap before
{Heap before GC invocations=4 (full 0):
 garbage-first heap   total 32768K, used 7537K [0x00000000f0000000, 0x0000000100000000)
  region size 1024K, 3 young (3072K), 1 survivors (1024K)
 Metaspace       used 8500K, capacity 8604K, committed 8832K, reserved 1056768K
  class space    used 780K, capacity 826K, committed 896K, reserved 1048576K
}
Event: 2.041 GC heap after
{Heap after GC invocations=5 (full 0):
 garbage-first heap   total 32768K, used 6270K [0x00000000f0000000, 0x0000000100000000)
  region size 1024K, 1 young (1024K), 1 survivors (1024K)
 Metaspace       used 8500K, capacity 8604K, committed 8832K, reserved 1056768K
  class space    used 780K, capacity 826K, committed 896K, reserved 1048576K
}
Event: 2.437 GC heap before
{Heap before GC invocations=5 (full 0):
 garbage-first heap   total 32768K, used 8318K [0x00000000f0000000, 0x0000000100000000)
  region size 1024K, 3 young (3072K), 1 survivors (1024K)
 Metaspace       used 9380K, capacity 9572K, committed 9728K, reserved 1058816K
  class space    used 892K, capacity 960K, committed 1024K, reserved 1048576K
}
Event: 2.455 GC heap after
{Heap after GC invocations=6 (full 0):
 garbage-first heap   total 32768K, used 6630K [0x00000000f0000000, 0x0000000100000000)
  region size 1024K, 1 young (1024K), 1 survivors (1024K)
 Metaspace       used 9380K, capacity 9572K, committed 9728K, reserved 1058816K
  class space    used 892K, capacity 960K, committed 1024K, reserved 1048576K
}

